d:\dev\c++\complexgamesystems\eclipse\engine\eclipsegraphics\build\release\eclipsegraphics.pdb
d:\dev\c++\complexgamesystems\eclipse\engine\eclipsegraphics\imde\release\vertex.obj
d:\dev\c++\complexgamesystems\eclipse\engine\eclipsegraphics\imde\release\texture.obj
d:\dev\c++\complexgamesystems\eclipse\engine\eclipsegraphics\imde\release\eclipsegraphics.obj
d:\dev\c++\complexgamesystems\eclipse\engine\eclipsegraphics\imde\release\shaderprogram.obj
d:\dev\c++\complexgamesystems\eclipse\engine\eclipsegraphics\imde\release\shader.obj
d:\dev\c++\complexgamesystems\eclipse\engine\eclipsegraphics\imde\release\renderer.obj
d:\dev\c++\complexgamesystems\eclipse\engine\eclipsegraphics\imde\release\model.obj
d:\dev\c++\complexgamesystems\eclipse\engine\eclipsegraphics\imde\release\meshrenderer.obj
d:\dev\c++\complexgamesystems\eclipse\engine\eclipsegraphics\imde\release\mesh.obj
d:\dev\c++\complexgamesystems\eclipse\engine\eclipsegraphics\imde\release\material.obj
d:\dev\c++\complexgamesystems\eclipse\engine\eclipsegraphics\imde\release\light.obj
d:\dev\c++\complexgamesystems\eclipse\engine\eclipsegraphics\imde\release\camera.obj
d:\dev\c++\complexgamesystems\eclipse\engine\eclipsegraphics\imde\release\core.obj
d:\dev\c++\complexgamesystems\eclipse\engine\eclipsegraphics\imde\release\graphicsapi.obj
d:\dev\c++\complexgamesystems\eclipse\engine\eclipsegraphics\imde\release\graphicsmodule.obj
d:\dev\c++\complexgamesystems\eclipse\engine\eclipsegraphics\imde\release\glad.obj
d:\dev\c++\complexgamesystems\eclipse\engine\eclipsegraphics\build\release\eclipsegraphics.lib
d:\dev\c++\complexgamesystems\eclipse\engine\eclipsegraphics\imde\release\eclipsegraphics.tlog\cl.command.1.tlog
d:\dev\c++\complexgamesystems\eclipse\engine\eclipsegraphics\imde\release\eclipsegraphics.tlog\cl.read.1.tlog
d:\dev\c++\complexgamesystems\eclipse\engine\eclipsegraphics\imde\release\eclipsegraphics.tlog\cl.write.1.tlog
d:\dev\c++\complexgamesystems\eclipse\engine\eclipsegraphics\imde\release\eclipsegraphics.tlog\lib-link.read.1.tlog
d:\dev\c++\complexgamesystems\eclipse\engine\eclipsegraphics\imde\release\eclipsegraphics.tlog\lib-link.write.1.tlog
d:\dev\c++\complexgamesystems\eclipse\engine\eclipsegraphics\imde\release\eclipsegraphics.tlog\lib.command.1.tlog
