  D:\dev\C++\ComplexGameSystems\Eclipse\Engine\EclipseGraphics\include\Camera.h
  D:\dev\C++\ComplexGameSystems\Eclipse\Engine\EclipseGraphics\include\Core.h
  D:\dev\C++\ComplexGameSystems\Eclipse\Engine\EclipseGraphics\include\glad.h
  D:\dev\C++\ComplexGameSystems\Eclipse\Engine\EclipseGraphics\include\GraphicsApi.h
  D:\dev\C++\ComplexGameSystems\Eclipse\Engine\EclipseGraphics\include\GraphicsModule.h
  D:\dev\C++\ComplexGameSystems\Eclipse\Engine\EclipseGraphics\include\Light.h
  D:\dev\C++\ComplexGameSystems\Eclipse\Engine\EclipseGraphics\include\Material.h
  D:\dev\C++\ComplexGameSystems\Eclipse\Engine\EclipseGraphics\include\Mesh.h
  D:\dev\C++\ComplexGameSystems\Eclipse\Engine\EclipseGraphics\include\MeshRenderer.h
  D:\dev\C++\ComplexGameSystems\Eclipse\Engine\EclipseGraphics\include\Model.h
  D:\dev\C++\ComplexGameSystems\Eclipse\Engine\EclipseGraphics\include\Renderer.h
  D:\dev\C++\ComplexGameSystems\Eclipse\Engine\EclipseGraphics\include\Shader.h
  D:\dev\C++\ComplexGameSystems\Eclipse\Engine\EclipseGraphics\include\ShaderProgram.h
  D:\dev\C++\ComplexGameSystems\Eclipse\Engine\EclipseGraphics\include\Texture.h
  D:\dev\C++\ComplexGameSystems\Eclipse\Engine\EclipseGraphics\include\Vertex.h
         15 file(s) copied.
  GraphicsModule.cpp
  GraphicsApi.cpp
  Core.cpp
  Camera.cpp
  Light.cpp
  Material.cpp
  Mesh.cpp
  MeshRenderer.cpp
D:\dev\C++\ComplexGameSystems\Eclipse\Engine\EclipseGraphics\include\Mesh.h(23,3): warning C4099: 'Eclipse::Graphics::Mesh': type name first seen using 'class' now seen using 'struct'
D:\dev\C++\ComplexGameSystems\Eclipse\Engine\EclipseGraphics\include\Mesh.h(22): message : see declaration of 'Eclipse::Graphics::Mesh'
  Model.cpp
  Renderer.cpp
D:\dev\C++\ComplexGameSystems\Eclipse\Engine\EclipseGraphics\include\Renderer.h(20,13): warning C4099: 'Eclipse::Graphics::Mesh': type name first seen using 'struct' now seen using 'class'
D:\dev\C++\ComplexGameSystems\Eclipse\Engine\EclipseGraphics\include\Mesh.h(22): message : see declaration of 'Eclipse::Graphics::Mesh'
  Shader.cpp
  ShaderProgram.cpp
  EclipseGraphics.cpp
  Texture.cpp
  Vertex.cpp
  glad.c
  EclipseGraphics.vcxproj -> D:\dev\C++\ComplexGameSystems\Eclipse\Engine\EclipseGraphics\build\Release\EclipseGraphics.lib
  D:\dev\C++\ComplexGameSystems\Eclipse\Engine\EclipseGraphics\build\Release\\EclipseGraphics.lib
  D:\dev\C++\ComplexGameSystems\Eclipse\Engine\EclipseGraphics\build\Release\\EclipseGraphics.pdb
          2 file(s) copied.
