  D:\dev\C++\ComplexGameSystems\Eclipse\projects\EclipseGraphics\include\Camera.h
  D:\dev\C++\ComplexGameSystems\Eclipse\projects\EclipseGraphics\include\framework.h
  D:\dev\C++\ComplexGameSystems\Eclipse\projects\EclipseGraphics\include\Light.h
  D:\dev\C++\ComplexGameSystems\Eclipse\projects\EclipseGraphics\include\Material.h
  D:\dev\C++\ComplexGameSystems\Eclipse\projects\EclipseGraphics\include\Mesh.h
  D:\dev\C++\ComplexGameSystems\Eclipse\projects\EclipseGraphics\include\MeshRenderer.h
  D:\dev\C++\ComplexGameSystems\Eclipse\projects\EclipseGraphics\include\Model.h
  D:\dev\C++\ComplexGameSystems\Eclipse\projects\EclipseGraphics\include\pch.h
  D:\dev\C++\ComplexGameSystems\Eclipse\projects\EclipseGraphics\include\Renderer.h
  D:\dev\C++\ComplexGameSystems\Eclipse\projects\EclipseGraphics\include\Shader.h
  D:\dev\C++\ComplexGameSystems\Eclipse\projects\EclipseGraphics\include\ShaderProgram.h
  D:\dev\C++\ComplexGameSystems\Eclipse\projects\EclipseGraphics\include\Texture.h
  D:\dev\C++\ComplexGameSystems\Eclipse\projects\EclipseGraphics\include\Vertex.h
         13 file(s) copied.
  Camera.cpp
D:\dev\C++\ComplexGameSystems\Eclipse\projects\EclipseGraphics\include\Camera.h(2,10): fatal error C1083: Cannot open include file: 'glm/mat4x4.hpp': No such file or directory
  Light.cpp
D:\dev\C++\ComplexGameSystems\Eclipse\projects\EclipseGraphics\include\Light.h(2,10): fatal error C1083: Cannot open include file: 'glm/vec4.hpp': No such file or directory
  Material.cpp
D:\dev\C++\ComplexGameSystems\Eclipse\projects\EclipseGraphics\include\ShaderProgram.h(5,10): fatal error C1083: Cannot open include file: 'glm/glm.hpp': No such file or directory
  Mesh.cpp
D:\dev\C++\ComplexGameSystems\Eclipse\projects\EclipseGraphics\include\ShaderProgram.h(5,10): fatal error C1083: Cannot open include file: 'glm/glm.hpp': No such file or directory
  MeshRenderer.cpp
D:\dev\C++\ComplexGameSystems\Eclipse\build\EclipseEngine\include\Eclipse.h(10,10): fatal error C1083: Cannot open include file: 'glm/glm.hpp': No such file or directory
  Model.cpp
D:\dev\C++\ComplexGameSystems\Eclipse\projects\EclipseGraphics\include\ShaderProgram.h(5,10): fatal error C1083: Cannot open include file: 'glm/glm.hpp': No such file or directory
  Renderer.cpp
D:\dev\C++\ComplexGameSystems\Eclipse\projects\EclipseGraphics\include\Renderer.h(6,10): fatal error C1083: Cannot open include file: 'glm/glm.hpp': No such file or directory
  Shader.cpp
D:\dev\C++\ComplexGameSystems\Eclipse\build\EclipseEngine\include\Eclipse.h(10,10): fatal error C1083: Cannot open include file: 'glm/glm.hpp': No such file or directory
  ShaderProgram.cpp
D:\dev\C++\ComplexGameSystems\Eclipse\projects\EclipseGraphics\include\ShaderProgram.h(5,10): fatal error C1083: Cannot open include file: 'glm/glm.hpp': No such file or directory
  EclipseGraphics.cpp
  pch.cpp
  Texture.cpp
D:\dev\C++\ComplexGameSystems\Eclipse\projects\EclipseGraphics\include\ShaderProgram.h(5,10): fatal error C1083: Cannot open include file: 'glm/glm.hpp': No such file or directory
  Vertex.cpp
