  D:\dev\C++\ComplexGameSystems\Eclipse\Engine\EclipseEngine\include\API.h
  D:\dev\C++\ComplexGameSystems\Eclipse\Engine\EclipseEngine\include\ApiLoader.h
  D:\dev\C++\ComplexGameSystems\Eclipse\Engine\EclipseEngine\include\Application.h
  D:\dev\C++\ComplexGameSystems\Eclipse\Engine\EclipseEngine\include\AssetLoader.h
  D:\dev\C++\ComplexGameSystems\Eclipse\Engine\EclipseEngine\include\BaseModel.h
  D:\dev\C++\ComplexGameSystems\Eclipse\Engine\EclipseEngine\include\CameraController.h
  D:\dev\C++\ComplexGameSystems\Eclipse\Engine\EclipseEngine\include\Component.h
  D:\dev\C++\ComplexGameSystems\Eclipse\Engine\EclipseEngine\include\Core.h
  D:\dev\C++\ComplexGameSystems\Eclipse\Engine\EclipseEngine\include\CoreModule.h
  D:\dev\C++\ComplexGameSystems\Eclipse\Engine\EclipseEngine\include\DebugComponent.h
  D:\dev\C++\ComplexGameSystems\Eclipse\Engine\EclipseEngine\include\EclipseEvent.h
  D:\dev\C++\ComplexGameSystems\Eclipse\Engine\EclipseEngine\include\Engine.h
  D:\dev\C++\ComplexGameSystems\Eclipse\Engine\EclipseEngine\include\EngineMacros.h
  D:\dev\C++\ComplexGameSystems\Eclipse\Engine\EclipseEngine\include\EngineModule.h
  D:\dev\C++\ComplexGameSystems\Eclipse\Engine\EclipseEngine\include\EntityContainer.h
  D:\dev\C++\ComplexGameSystems\Eclipse\Engine\EclipseEngine\include\framework.h
  D:\dev\C++\ComplexGameSystems\Eclipse\Engine\EclipseEngine\include\glad.h
  D:\dev\C++\ComplexGameSystems\Eclipse\Engine\EclipseEngine\include\GuiModel.h
  D:\dev\C++\ComplexGameSystems\Eclipse\Engine\EclipseEngine\include\Object.h
  D:\dev\C++\ComplexGameSystems\Eclipse\Engine\EclipseEngine\include\ObjectFactory.h
  D:\dev\C++\ComplexGameSystems\Eclipse\Engine\EclipseEngine\include\ObjectRotator.h
  D:\dev\C++\ComplexGameSystems\Eclipse\Engine\EclipseEngine\include\pch.h
  D:\dev\C++\ComplexGameSystems\Eclipse\Engine\EclipseEngine\include\Resource.h
  D:\dev\C++\ComplexGameSystems\Eclipse\Engine\EclipseEngine\include\ResourceManager.h
  D:\dev\C++\ComplexGameSystems\Eclipse\Engine\EclipseEngine\include\Resources.h
  D:\dev\C++\ComplexGameSystems\Eclipse\Engine\EclipseEngine\include\Scene.h
  D:\dev\C++\ComplexGameSystems\Eclipse\Engine\EclipseEngine\include\SceneManager.h
  D:\dev\C++\ComplexGameSystems\Eclipse\Engine\EclipseEngine\include\Serialization.h
  D:\dev\C++\ComplexGameSystems\Eclipse\Engine\EclipseEngine\include\System.h
  D:\dev\C++\ComplexGameSystems\Eclipse\Engine\EclipseEngine\include\SystemManager.h
  D:\dev\C++\ComplexGameSystems\Eclipse\Engine\EclipseEngine\include\Transform.h
  D:\dev\C++\ComplexGameSystems\Eclipse\Engine\EclipseEngine\include\typedefs.h
  D:\dev\C++\ComplexGameSystems\Eclipse\Engine\EclipseEngine\include\WindowModule.h
         33 file(s) copied.
  Application.cpp
  AssetLoader.cpp
  CameraController.cpp
  Core.cpp
  CoreModule.cpp
  DebugComponent.cpp
  Engine.cpp
  EngineModule.cpp
  Object.cpp
  ResourceManager.cpp
  Resources.cpp
  Scene.cpp
  SceneManager.cpp
D:\dev\C++\ComplexGameSystems\Eclipse\Engine\EclipseEngine\src\SceneManager.cpp(145,32): warning C4267: 'return': conversion from 'size_t' to 'unsigned int', possible loss of data
  Serialization.cpp
D:\dev\C++\ComplexGameSystems\Eclipse\Engine\EclipseEngine\src\Serialization.cpp(27,54): warning C4267: '=': conversion from 'size_t' to 'int', possible loss of data
  Transform.cpp
  WindowModule.cpp
  Generating Code...
  EclipseEngine.vcxproj -> D:\dev\C++\ComplexGameSystems\Eclipse\Engine\EclipseEngine\build\Debug\EclipseEngine.lib
  D:\dev\C++\ComplexGameSystems\Eclipse\Engine\EclipseEngine\build\Debug\\EclipseEngine.idb
  D:\dev\C++\ComplexGameSystems\Eclipse\Engine\EclipseEngine\build\Debug\\EclipseEngine.lib
  D:\dev\C++\ComplexGameSystems\Eclipse\Engine\EclipseEngine\build\Debug\\EclipseEngine.pdb
          3 file(s) copied.
