d:\dev\c++\complexgamesystems\eclipse\engine\eclipseengine\imde\debug\eclipseengine.pch
d:\dev\c++\complexgamesystems\eclipse\engine\eclipseengine\build\debug\eclipseengine.pdb
d:\dev\c++\complexgamesystems\eclipse\engine\eclipseengine\build\debug\eclipseengine.idb
d:\dev\c++\complexgamesystems\eclipse\engine\eclipseengine\imde\debug\pch.obj
d:\dev\c++\complexgamesystems\eclipse\engine\eclipseengine\imde\debug\glad.obj
d:\dev\c++\complexgamesystems\eclipse\engine\eclipseengine\imde\debug\systemmanager.obj
d:\dev\c++\complexgamesystems\eclipse\engine\eclipseengine\imde\debug\system.obj
d:\dev\c++\complexgamesystems\eclipse\engine\eclipseengine\imde\debug\eclipseengine.obj
d:\dev\c++\complexgamesystems\eclipse\engine\eclipseengine\imde\debug\serialization.obj
d:\dev\c++\complexgamesystems\eclipse\engine\eclipseengine\imde\debug\scenemanager.obj
d:\dev\c++\complexgamesystems\eclipse\engine\eclipseengine\imde\debug\scene.obj
d:\dev\c++\complexgamesystems\eclipse\engine\eclipseengine\imde\debug\resources.obj
d:\dev\c++\complexgamesystems\eclipse\engine\eclipseengine\imde\debug\objectrotator.obj
d:\dev\c++\complexgamesystems\eclipse\engine\eclipseengine\imde\debug\objectfactory.obj
d:\dev\c++\complexgamesystems\eclipse\engine\eclipseengine\imde\debug\object.obj
d:\dev\c++\complexgamesystems\eclipse\engine\eclipseengine\imde\debug\engine.obj
d:\dev\c++\complexgamesystems\eclipse\engine\eclipseengine\imde\debug\core.obj
d:\dev\c++\complexgamesystems\eclipse\engine\eclipseengine\imde\debug\demoapplication.obj
d:\dev\c++\complexgamesystems\eclipse\engine\eclipseengine\imde\debug\debugcomponent.obj
d:\dev\c++\complexgamesystems\eclipse\engine\eclipseengine\imde\debug\component.obj
d:\dev\c++\complexgamesystems\eclipse\engine\eclipseengine\imde\debug\cameracontroller.obj
d:\dev\c++\complexgamesystems\eclipse\engine\eclipseengine\imde\debug\basemodel.obj
d:\dev\c++\complexgamesystems\eclipse\engine\eclipseengine\imde\debug\applicationdriver.obj
d:\dev\c++\complexgamesystems\eclipse\engine\eclipseengine\imde\debug\application.obj
d:\dev\c++\complexgamesystems\eclipse\engine\eclipseengine\imde\debug\guimodel.obj
d:\dev\c++\complexgamesystems\eclipse\engine\eclipseengine\imde\debug\eclipseengine.tlog\cl.command.1.tlog
d:\dev\c++\complexgamesystems\eclipse\engine\eclipseengine\imde\debug\eclipseengine.tlog\cl.read.1.tlog
d:\dev\c++\complexgamesystems\eclipse\engine\eclipseengine\imde\debug\eclipseengine.tlog\cl.write.1.tlog
