d:\dev\c++\complexgamesystems\eclipse\engine\eclipsenetworking\build\debug\eclipsenetworking.pdb
d:\dev\c++\complexgamesystems\eclipse\engine\eclipsenetworking\build\debug\eclipsenetworking.idb
d:\dev\c++\complexgamesystems\eclipse\engine\eclipsenetworking\imde\debug\testobject.obj
d:\dev\c++\complexgamesystems\eclipse\engine\eclipsenetworking\imde\debug\pch.obj
d:\dev\c++\complexgamesystems\eclipse\engine\eclipsenetworking\imde\debug\eclipsenetworking.obj
d:\dev\c++\complexgamesystems\eclipse\engine\eclipsenetworking\imde\debug\eclipseserver.obj
d:\dev\c++\complexgamesystems\eclipse\engine\eclipsenetworking\imde\debug\eclipseclient.obj
d:\dev\c++\complexgamesystems\eclipse\engine\eclipsenetworking\imde\debug\networkingmodule.obj
d:\dev\c++\complexgamesystems\eclipse\engine\eclipsenetworking\imde\debug\networkhandler.obj
d:\dev\c++\complexgamesystems\eclipse\engine\eclipsenetworking\imde\debug\messagehandler.obj
d:\dev\c++\complexgamesystems\eclipse\engine\eclipsenetworking\imde\debug\eclipsepacket.obj
d:\dev\c++\complexgamesystems\eclipse\engine\eclipsenetworking\imde\debug\serverhandler.obj
d:\dev\c++\complexgamesystems\eclipse\engine\eclipsenetworking\imde\debug\clienthandler.obj
d:\dev\c++\complexgamesystems\eclipse\engine\eclipsenetworking\imde\debug\inetworkhandle.obj
d:\dev\c++\complexgamesystems\eclipse\engine\eclipsenetworking\build\debug\eclipsenetworking.lib
d:\dev\c++\complexgamesystems\eclipse\engine\eclipsenetworking\imde\debug\eclipsen.78a3996c.tlog\cl.command.1.tlog
d:\dev\c++\complexgamesystems\eclipse\engine\eclipsenetworking\imde\debug\eclipsen.78a3996c.tlog\cl.read.1.tlog
d:\dev\c++\complexgamesystems\eclipse\engine\eclipsenetworking\imde\debug\eclipsen.78a3996c.tlog\cl.write.1.tlog
d:\dev\c++\complexgamesystems\eclipse\engine\eclipsenetworking\imde\debug\eclipsen.78a3996c.tlog\lib-link.read.1.tlog
d:\dev\c++\complexgamesystems\eclipse\engine\eclipsenetworking\imde\debug\eclipsen.78a3996c.tlog\lib-link.write.1.tlog
d:\dev\c++\complexgamesystems\eclipse\engine\eclipsenetworking\imde\debug\eclipsen.78a3996c.tlog\lib.command.1.tlog
