  D:\dev\C++\ComplexGameSystems\Eclipse\Engine\EclipseGraphics\include\Camera.h
  D:\dev\C++\ComplexGameSystems\Eclipse\Engine\EclipseGraphics\include\Core.h
  D:\dev\C++\ComplexGameSystems\Eclipse\Engine\EclipseGraphics\include\glad.h
  D:\dev\C++\ComplexGameSystems\Eclipse\Engine\EclipseGraphics\include\GraphicsApi.h
  D:\dev\C++\ComplexGameSystems\Eclipse\Engine\EclipseGraphics\include\GraphicsModule.h
  D:\dev\C++\ComplexGameSystems\Eclipse\Engine\EclipseGraphics\include\Light.h
  D:\dev\C++\ComplexGameSystems\Eclipse\Engine\EclipseGraphics\include\Material.h
  D:\dev\C++\ComplexGameSystems\Eclipse\Engine\EclipseGraphics\include\Mesh.h
  D:\dev\C++\ComplexGameSystems\Eclipse\Engine\EclipseGraphics\include\MeshRenderer.h
  D:\dev\C++\ComplexGameSystems\Eclipse\Engine\EclipseGraphics\include\Model.h
  D:\dev\C++\ComplexGameSystems\Eclipse\Engine\EclipseGraphics\include\Renderer.h
  D:\dev\C++\ComplexGameSystems\Eclipse\Engine\EclipseGraphics\include\Shader.h
  D:\dev\C++\ComplexGameSystems\Eclipse\Engine\EclipseGraphics\include\ShaderProgram.h
  D:\dev\C++\ComplexGameSystems\Eclipse\Engine\EclipseGraphics\include\Texture.h
  D:\dev\C++\ComplexGameSystems\Eclipse\Engine\EclipseGraphics\include\Vertex.h
         15 file(s) copied.
  Camera.cpp
  GraphicsApi.cpp
  Light.cpp
  MeshRenderer.cpp
  Model.cpp
  Shader.cpp
  ShaderProgram.cpp
  Generating Code...
  EclipseGraphics.vcxproj -> D:\dev\C++\ComplexGameSystems\Eclipse\Engine\EclipseGraphics\build\Debug\EclipseGraphics.lib
  D:\dev\C++\ComplexGameSystems\Eclipse\Engine\EclipseGraphics\build\Debug\\EclipseGraphics.idb
  D:\dev\C++\ComplexGameSystems\Eclipse\Engine\EclipseGraphics\build\Debug\\EclipseGraphics.lib
  D:\dev\C++\ComplexGameSystems\Eclipse\Engine\EclipseGraphics\build\Debug\\EclipseGraphics.pdb
          3 file(s) copied.
