d:\dev\c++\complexgamesystems\eclipse\engine\eclipsegui\imde\debug\eclipsegui.pch
d:\dev\c++\complexgamesystems\eclipse\engine\eclipsegui\build\eclipsegui.pdb
d:\dev\c++\complexgamesystems\eclipse\engine\eclipsegui\build\eclipsegui.idb
d:\dev\c++\complexgamesystems\eclipse\engine\eclipsegui\imde\debug\pch.obj
d:\dev\c++\complexgamesystems\eclipse\engine\eclipsegui\imde\debug\eclipsegui.obj
d:\dev\c++\complexgamesystems\eclipse\engine\eclipsegui\imde\debug\imvec4.obj
d:\dev\c++\complexgamesystems\eclipse\engine\eclipsegui\imde\debug\imvec3.obj
d:\dev\c++\complexgamesystems\eclipse\engine\eclipsegui\imde\debug\imvec2.obj
d:\dev\c++\complexgamesystems\eclipse\engine\eclipsegui\imde\debug\imtype.obj
d:\dev\c++\complexgamesystems\eclipse\engine\eclipsegui\imde\debug\imstring.obj
d:\dev\c++\complexgamesystems\eclipse\engine\eclipsegui\imde\debug\imrgba.obj
d:\dev\c++\complexgamesystems\eclipse\engine\eclipsegui\imde\debug\imint.obj
d:\dev\c++\complexgamesystems\eclipse\engine\eclipsegui\imde\debug\imguirenderer.obj
d:\dev\c++\complexgamesystems\eclipse\engine\eclipsegui\imde\debug\imguihelper.obj
d:\dev\c++\complexgamesystems\eclipse\engine\eclipsegui\imde\debug\imguicall.obj
d:\dev\c++\complexgamesystems\eclipse\engine\eclipsegui\imde\debug\imfloat.obj
d:\dev\c++\complexgamesystems\eclipse\engine\eclipsegui\imde\debug\imdouble.obj
d:\dev\c++\complexgamesystems\eclipse\engine\eclipsegui\build\eclipsegui.lib
d:\dev\c++\complexgamesystems\eclipse\engine\eclipsegui\imde\debug\eclipsegui.tlog\cl.command.1.tlog
d:\dev\c++\complexgamesystems\eclipse\engine\eclipsegui\imde\debug\eclipsegui.tlog\cl.read.1.tlog
d:\dev\c++\complexgamesystems\eclipse\engine\eclipsegui\imde\debug\eclipsegui.tlog\cl.write.1.tlog
d:\dev\c++\complexgamesystems\eclipse\engine\eclipsegui\imde\debug\eclipsegui.tlog\lib-link.read.1.tlog
d:\dev\c++\complexgamesystems\eclipse\engine\eclipsegui\imde\debug\eclipsegui.tlog\lib-link.write.1.tlog
d:\dev\c++\complexgamesystems\eclipse\engine\eclipsegui\imde\debug\eclipsegui.tlog\lib.command.1.tlog
