  D:\dev\C++\ComplexGameSystems\Eclipse\Engine\EclipseEngine\include\API.h
  D:\dev\C++\ComplexGameSystems\Eclipse\Engine\EclipseEngine\include\ApiLoader.h
  D:\dev\C++\ComplexGameSystems\Eclipse\Engine\EclipseEngine\include\Application.h
  D:\dev\C++\ComplexGameSystems\Eclipse\Engine\EclipseEngine\include\AssetLoader.h
  D:\dev\C++\ComplexGameSystems\Eclipse\Engine\EclipseEngine\include\BaseModel.h
  D:\dev\C++\ComplexGameSystems\Eclipse\Engine\EclipseEngine\include\CameraController.h
  D:\dev\C++\ComplexGameSystems\Eclipse\Engine\EclipseEngine\include\Component.h
  D:\dev\C++\ComplexGameSystems\Eclipse\Engine\EclipseEngine\include\Core.h
  D:\dev\C++\ComplexGameSystems\Eclipse\Engine\EclipseEngine\include\CoreModule.h
  D:\dev\C++\ComplexGameSystems\Eclipse\Engine\EclipseEngine\include\DebugComponent.h
  D:\dev\C++\ComplexGameSystems\Eclipse\Engine\EclipseEngine\include\EclipseEvent.h
  D:\dev\C++\ComplexGameSystems\Eclipse\Engine\EclipseEngine\include\EclipseFunction.h
  D:\dev\C++\ComplexGameSystems\Eclipse\Engine\EclipseEngine\include\EclipseTime.h
  D:\dev\C++\ComplexGameSystems\Eclipse\Engine\EclipseEngine\include\Engine.h
  D:\dev\C++\ComplexGameSystems\Eclipse\Engine\EclipseEngine\include\EngineMacros.h
  D:\dev\C++\ComplexGameSystems\Eclipse\Engine\EclipseEngine\include\EngineModule.h
  D:\dev\C++\ComplexGameSystems\Eclipse\Engine\EclipseEngine\include\EntityContainer.h
  D:\dev\C++\ComplexGameSystems\Eclipse\Engine\EclipseEngine\include\ESingle.h
  D:\dev\C++\ComplexGameSystems\Eclipse\Engine\EclipseEngine\include\framework.h
  D:\dev\C++\ComplexGameSystems\Eclipse\Engine\EclipseEngine\include\glad.h
  D:\dev\C++\ComplexGameSystems\Eclipse\Engine\EclipseEngine\include\GuiModel.h
  D:\dev\C++\ComplexGameSystems\Eclipse\Engine\EclipseEngine\include\Object.h
  D:\dev\C++\ComplexGameSystems\Eclipse\Engine\EclipseEngine\include\ObjectFactory.h
  D:\dev\C++\ComplexGameSystems\Eclipse\Engine\EclipseEngine\include\ObjectRotator.h
  D:\dev\C++\ComplexGameSystems\Eclipse\Engine\EclipseEngine\include\pch.h
  D:\dev\C++\ComplexGameSystems\Eclipse\Engine\EclipseEngine\include\Resource.h
  D:\dev\C++\ComplexGameSystems\Eclipse\Engine\EclipseEngine\include\ResourceManager.h
  D:\dev\C++\ComplexGameSystems\Eclipse\Engine\EclipseEngine\include\Resources.h
  D:\dev\C++\ComplexGameSystems\Eclipse\Engine\EclipseEngine\include\Scene.h
  D:\dev\C++\ComplexGameSystems\Eclipse\Engine\EclipseEngine\include\SceneManager.h
  D:\dev\C++\ComplexGameSystems\Eclipse\Engine\EclipseEngine\include\Serialization.h
  D:\dev\C++\ComplexGameSystems\Eclipse\Engine\EclipseEngine\include\System.h
  D:\dev\C++\ComplexGameSystems\Eclipse\Engine\EclipseEngine\include\SystemManager.h
  D:\dev\C++\ComplexGameSystems\Eclipse\Engine\EclipseEngine\include\TimeModule.h
  D:\dev\C++\ComplexGameSystems\Eclipse\Engine\EclipseEngine\include\TimeSystem.h
  D:\dev\C++\ComplexGameSystems\Eclipse\Engine\EclipseEngine\include\Transform.h
  D:\dev\C++\ComplexGameSystems\Eclipse\Engine\EclipseEngine\include\typedefs.h
  D:\dev\C++\ComplexGameSystems\Eclipse\Engine\EclipseEngine\include\WindowModule.h
         38 file(s) copied.
  Application.cpp
  CameraController.cpp
  Core.cpp
  CoreModule.cpp
  DebugComponent.cpp
  Engine.cpp
  EngineModule.cpp
  EntityContainer.cpp
  Object.cpp
  ObjectFactory.cpp
  ObjectRotator.cpp
  Scene.cpp
  TimeModule.cpp
  Transform.cpp
  WindowModule.cpp
  EclipseEngine.vcxproj -> D:\dev\C++\ComplexGameSystems\Eclipse\Engine\EclipseEngine\build\Release\EclipseEngine.lib
  D:\dev\C++\ComplexGameSystems\Eclipse\Engine\EclipseEngine\build\Release\\EclipseEngine.lib
  D:\dev\C++\ComplexGameSystems\Eclipse\Engine\EclipseEngine\build\Release\\EclipseEngine.pdb
          2 file(s) copied.
