d:\dev\c++\complexgamesystems\eclipse\engine\eclipseengine\imde\release\eclipseengine.pch
d:\dev\c++\complexgamesystems\eclipse\engine\eclipseengine\build\release\eclipseengine.pdb
d:\dev\c++\complexgamesystems\eclipse\engine\eclipseengine\imde\release\pch.obj
d:\dev\c++\complexgamesystems\eclipse\engine\eclipseengine\imde\release\objectfactory.obj
d:\dev\c++\complexgamesystems\eclipse\engine\eclipseengine\imde\release\object.obj
d:\dev\c++\complexgamesystems\eclipse\engine\eclipseengine\imde\release\engine.obj
d:\dev\c++\complexgamesystems\eclipse\engine\eclipseengine\imde\release\core.obj
d:\dev\c++\complexgamesystems\eclipse\engine\eclipseengine\imde\release\debugcomponent.obj
d:\dev\c++\complexgamesystems\eclipse\engine\eclipseengine\imde\release\component.obj
d:\dev\c++\complexgamesystems\eclipse\engine\eclipseengine\imde\release\cameracontroller.obj
d:\dev\c++\complexgamesystems\eclipse\engine\eclipseengine\imde\release\basemodel.obj
d:\dev\c++\complexgamesystems\eclipse\engine\eclipseengine\imde\release\applicationdriver.obj
d:\dev\c++\complexgamesystems\eclipse\engine\eclipseengine\imde\release\application.obj
d:\dev\c++\complexgamesystems\eclipse\engine\eclipseengine\imde\release\guimodel.obj
d:\dev\c++\complexgamesystems\eclipse\engine\eclipseengine\imde\release\enginemodule.obj
d:\dev\c++\complexgamesystems\eclipse\engine\eclipseengine\imde\release\entitycontainer.obj
d:\dev\c++\complexgamesystems\eclipse\engine\eclipseengine\imde\release\coremodule.obj
d:\dev\c++\complexgamesystems\eclipse\engine\eclipseengine\imde\release\api.obj
d:\dev\c++\complexgamesystems\eclipse\engine\eclipseengine\imde\release\resourcemanager.obj
d:\dev\c++\complexgamesystems\eclipse\engine\eclipseengine\imde\release\resource.obj
d:\dev\c++\complexgamesystems\eclipse\engine\eclipseengine\imde\release\assetloader.obj
d:\dev\c++\complexgamesystems\eclipse\engine\eclipseengine\imde\release\eclipseevent.obj
d:\dev\c++\complexgamesystems\eclipse\engine\eclipseengine\imde\release\eclipsefunction.obj
d:\dev\c++\complexgamesystems\eclipse\engine\eclipseengine\imde\release\windowmodule.obj
d:\dev\c++\complexgamesystems\eclipse\engine\eclipseengine\imde\release\transform.obj
d:\dev\c++\complexgamesystems\eclipse\engine\eclipseengine\imde\release\systemmanager.obj
d:\dev\c++\complexgamesystems\eclipse\engine\eclipseengine\imde\release\system.obj
d:\dev\c++\complexgamesystems\eclipse\engine\eclipseengine\imde\release\eclipseengine.obj
d:\dev\c++\complexgamesystems\eclipse\engine\eclipseengine\imde\release\serialization.obj
d:\dev\c++\complexgamesystems\eclipse\engine\eclipseengine\imde\release\scenemanager.obj
d:\dev\c++\complexgamesystems\eclipse\engine\eclipseengine\imde\release\scene.obj
d:\dev\c++\complexgamesystems\eclipse\engine\eclipseengine\imde\release\resources.obj
d:\dev\c++\complexgamesystems\eclipse\engine\eclipseengine\imde\release\objectrotator.obj
d:\dev\c++\complexgamesystems\eclipse\engine\eclipseengine\imde\release\glad.obj
d:\dev\c++\complexgamesystems\eclipse\engine\eclipseengine\build\release\eclipseengine.lib
d:\dev\c++\complexgamesystems\eclipse\engine\eclipseengine\imde\release\eclipseengine.tlog\cl.command.1.tlog
d:\dev\c++\complexgamesystems\eclipse\engine\eclipseengine\imde\release\eclipseengine.tlog\cl.read.1.tlog
d:\dev\c++\complexgamesystems\eclipse\engine\eclipseengine\imde\release\eclipseengine.tlog\cl.write.1.tlog
d:\dev\c++\complexgamesystems\eclipse\engine\eclipseengine\imde\release\eclipseengine.tlog\lib-link.read.1.tlog
d:\dev\c++\complexgamesystems\eclipse\engine\eclipseengine\imde\release\eclipseengine.tlog\lib-link.write.1.tlog
d:\dev\c++\complexgamesystems\eclipse\engine\eclipseengine\imde\release\eclipseengine.tlog\lib.command.1.tlog
