  NetworkClientApplication.cpp
C:\Program Files (x86)\Windows Kits\10\Include\10.0.19041.0\shared\minwindef.h(130,1): warning C4005: 'APIENTRY': macro redefinition
D:\dev\C++\ComplexGameSystems\Eclipse\Engine\EclipseEngine\include\glad.h(32): message : see previous definition of 'APIENTRY'
LINK : warning LNK4098: defaultlib 'MSVCRTD' conflicts with use of other libs; use /NODEFAULTLIB:library
  Generating code
  100 of 1862 functions ( 5.4%) were compiled, the rest were copied from previous compilation.
    81 functions were new in current compilation
    2 functions had inline decision re-evaluated but remain unchanged
  Finished generating code
glfw3.lib(context.obj) : warning LNK4099: PDB 'glfw3.pdb' was not found with 'glfw3.lib(context.obj)' or at 'D:\dev\C++\ComplexGameSystems\Eclipse\projects\NetworkClient\build\Release\glfw3.pdb'; linking object as if no debug info
glfw3.lib(init.obj) : warning LNK4099: PDB 'glfw3.pdb' was not found with 'glfw3.lib(init.obj)' or at 'D:\dev\C++\ComplexGameSystems\Eclipse\projects\NetworkClient\build\Release\glfw3.pdb'; linking object as if no debug info
glfw3.lib(input.obj) : warning LNK4099: PDB 'glfw3.pdb' was not found with 'glfw3.lib(input.obj)' or at 'D:\dev\C++\ComplexGameSystems\Eclipse\projects\NetworkClient\build\Release\glfw3.pdb'; linking object as if no debug info
glfw3.lib(monitor.obj) : warning LNK4099: PDB 'glfw3.pdb' was not found with 'glfw3.lib(monitor.obj)' or at 'D:\dev\C++\ComplexGameSystems\Eclipse\projects\NetworkClient\build\Release\glfw3.pdb'; linking object as if no debug info
glfw3.lib(vulkan.obj) : warning LNK4099: PDB 'glfw3.pdb' was not found with 'glfw3.lib(vulkan.obj)' or at 'D:\dev\C++\ComplexGameSystems\Eclipse\projects\NetworkClient\build\Release\glfw3.pdb'; linking object as if no debug info
glfw3.lib(window.obj) : warning LNK4099: PDB 'glfw3.pdb' was not found with 'glfw3.lib(window.obj)' or at 'D:\dev\C++\ComplexGameSystems\Eclipse\projects\NetworkClient\build\Release\glfw3.pdb'; linking object as if no debug info
glfw3.lib(win32_init.obj) : warning LNK4099: PDB 'glfw3.pdb' was not found with 'glfw3.lib(win32_init.obj)' or at 'D:\dev\C++\ComplexGameSystems\Eclipse\projects\NetworkClient\build\Release\glfw3.pdb'; linking object as if no debug info
glfw3.lib(win32_joystick.obj) : warning LNK4099: PDB 'glfw3.pdb' was not found with 'glfw3.lib(win32_joystick.obj)' or at 'D:\dev\C++\ComplexGameSystems\Eclipse\projects\NetworkClient\build\Release\glfw3.pdb'; linking object as if no debug info
glfw3.lib(win32_monitor.obj) : warning LNK4099: PDB 'glfw3.pdb' was not found with 'glfw3.lib(win32_monitor.obj)' or at 'D:\dev\C++\ComplexGameSystems\Eclipse\projects\NetworkClient\build\Release\glfw3.pdb'; linking object as if no debug info
glfw3.lib(win32_time.obj) : warning LNK4099: PDB '' was not found with 'glfw3.lib(win32_time.obj)' or at ''; linking object as if no debug info
glfw3.lib(win32_thread.obj) : warning LNK4099: PDB 'glfw3.pdb' was not found with 'glfw3.lib(win32_thread.obj)' or at 'D:\dev\C++\ComplexGameSystems\Eclipse\projects\NetworkClient\build\Release\glfw3.pdb'; linking object as if no debug info
glfw3.lib(win32_window.obj) : warning LNK4099: PDB 'glfw3.pdb' was not found with 'glfw3.lib(win32_window.obj)' or at 'D:\dev\C++\ComplexGameSystems\Eclipse\projects\NetworkClient\build\Release\glfw3.pdb'; linking object as if no debug info
glfw3.lib(wgl_context.obj) : warning LNK4099: PDB 'glfw3.pdb' was not found with 'glfw3.lib(wgl_context.obj)' or at 'D:\dev\C++\ComplexGameSystems\Eclipse\projects\NetworkClient\build\Release\glfw3.pdb'; linking object as if no debug info
glfw3.lib(egl_context.obj) : warning LNK4099: PDB 'glfw3.pdb' was not found with 'glfw3.lib(egl_context.obj)' or at 'D:\dev\C++\ComplexGameSystems\Eclipse\projects\NetworkClient\build\Release\glfw3.pdb'; linking object as if no debug info
glfw3.lib(osmesa_context.obj) : warning LNK4099: PDB 'glfw3.pdb' was not found with 'glfw3.lib(osmesa_context.obj)' or at 'D:\dev\C++\ComplexGameSystems\Eclipse\projects\NetworkClient\build\Release\glfw3.pdb'; linking object as if no debug info
  NetworkClient.vcxproj -> D:\dev\C++\ComplexGameSystems\Eclipse\projects\NetworkClient\build\Release\NetworkClient.exe
