  ApplicationDemo.cpp
D:\dev\C++\ComplexGameSystems\Eclipse\projects\DemoApplication\src\ApplicationDemo.cpp(29,12): warning C4244: 'return': conversion from 'double' to 'float', possible loss of data
D:\dev\C++\ComplexGameSystems\Eclipse\projects\DemoApplication\src\ApplicationDemo.cpp(62,26): warning C4305: 'argument': truncation from 'double' to 'const float'
D:\dev\C++\ComplexGameSystems\Eclipse\projects\DemoApplication\src\ApplicationDemo.cpp(72,31): warning C4305: 'argument': truncation from 'double' to 'const float'
D:\dev\C++\ComplexGameSystems\Eclipse\projects\DemoApplication\src\ApplicationDemo.cpp(86,30): warning C4305: 'argument': truncation from 'double' to 'const float'
D:\dev\C++\ComplexGameSystems\Eclipse\Engine\EclipseEngine\include\ResourceManager.h(89,1): warning C4267: 'initializing': conversion from 'size_t' to 'Eclipse::Engine::ResourceID', possible loss of data
D:\dev\C++\ComplexGameSystems\Eclipse\projects\DemoApplication\src\ApplicationDemo.cpp(38): message : see reference to function template instantiation 'Eclipse::Engine::ResourceKey Eclipse::Engine::ResourceManager::Load<Eclipse::Graphics::ShaderProgram>(const Eclipse::Engine::ResourceDirectories &)' being compiled
LINK : warning LNK4098: defaultlib 'MSVCRTD' conflicts with use of other libs; use /NODEFAULTLIB:library
  Generating code
  1 of 3183 functions (<0.1%) were compiled, the rest were copied from previous compilation.
    0 functions were new in current compilation
    8 functions had inline decision re-evaluated but remain unchanged
  Finished generating code
glfw3.lib(context.obj) : warning LNK4099: PDB '' was not found with 'glfw3.lib(context.obj)' or at ''; linking object as if no debug info
glfw3.lib(init.obj) : warning LNK4099: PDB 'glfw3.pdb' was not found with 'glfw3.lib(init.obj)' or at 'D:\dev\C++\ComplexGameSystems\Eclipse\projects\DemoApplication\build\Release\glfw3.pdb'; linking object as if no debug info
glfw3.lib(input.obj) : warning LNK4099: PDB 'glfw3.pdb' was not found with 'glfw3.lib(input.obj)' or at 'D:\dev\C++\ComplexGameSystems\Eclipse\projects\DemoApplication\build\Release\glfw3.pdb'; linking object as if no debug info
glfw3.lib(monitor.obj) : warning LNK4099: PDB 'glfw3.pdb' was not found with 'glfw3.lib(monitor.obj)' or at 'D:\dev\C++\ComplexGameSystems\Eclipse\projects\DemoApplication\build\Release\glfw3.pdb'; linking object as if no debug info
glfw3.lib(vulkan.obj) : warning LNK4099: PDB 'glfw3.pdb' was not found with 'glfw3.lib(vulkan.obj)' or at 'D:\dev\C++\ComplexGameSystems\Eclipse\projects\DemoApplication\build\Release\glfw3.pdb'; linking object as if no debug info
glfw3.lib(window.obj) : warning LNK4099: PDB 'glfw3.pdb' was not found with 'glfw3.lib(window.obj)' or at 'D:\dev\C++\ComplexGameSystems\Eclipse\projects\DemoApplication\build\Release\glfw3.pdb'; linking object as if no debug info
glfw3.lib(win32_init.obj) : warning LNK4099: PDB '' was not found with 'glfw3.lib(win32_init.obj)' or at ''; linking object as if no debug info
glfw3.lib(win32_joystick.obj) : warning LNK4099: PDB 'glfw3.pdb' was not found with 'glfw3.lib(win32_joystick.obj)' or at 'D:\dev\C++\ComplexGameSystems\Eclipse\projects\DemoApplication\build\Release\glfw3.pdb'; linking object as if no debug info
glfw3.lib(win32_monitor.obj) : warning LNK4099: PDB 'glfw3.pdb' was not found with 'glfw3.lib(win32_monitor.obj)' or at 'D:\dev\C++\ComplexGameSystems\Eclipse\projects\DemoApplication\build\Release\glfw3.pdb'; linking object as if no debug info
glfw3.lib(win32_time.obj) : warning LNK4099: PDB 'glfw3.pdb' was not found with 'glfw3.lib(win32_time.obj)' or at 'D:\dev\C++\ComplexGameSystems\Eclipse\projects\DemoApplication\build\Release\glfw3.pdb'; linking object as if no debug info
glfw3.lib(win32_thread.obj) : warning LNK4099: PDB 'glfw3.pdb' was not found with 'glfw3.lib(win32_thread.obj)' or at 'D:\dev\C++\ComplexGameSystems\Eclipse\projects\DemoApplication\build\Release\glfw3.pdb'; linking object as if no debug info
glfw3.lib(win32_window.obj) : warning LNK4099: PDB 'glfw3.pdb' was not found with 'glfw3.lib(win32_window.obj)' or at 'D:\dev\C++\ComplexGameSystems\Eclipse\projects\DemoApplication\build\Release\glfw3.pdb'; linking object as if no debug info
glfw3.lib(wgl_context.obj) : warning LNK4099: PDB 'glfw3.pdb' was not found with 'glfw3.lib(wgl_context.obj)' or at 'D:\dev\C++\ComplexGameSystems\Eclipse\projects\DemoApplication\build\Release\glfw3.pdb'; linking object as if no debug info
glfw3.lib(egl_context.obj) : warning LNK4099: PDB 'glfw3.pdb' was not found with 'glfw3.lib(egl_context.obj)' or at 'D:\dev\C++\ComplexGameSystems\Eclipse\projects\DemoApplication\build\Release\glfw3.pdb'; linking object as if no debug info
glfw3.lib(osmesa_context.obj) : warning LNK4099: PDB 'glfw3.pdb' was not found with 'glfw3.lib(osmesa_context.obj)' or at 'D:\dev\C++\ComplexGameSystems\Eclipse\projects\DemoApplication\build\Release\glfw3.pdb'; linking object as if no debug info
  DemoApplication.vcxproj -> D:\dev\C++\ComplexGameSystems\Eclipse\projects\DemoApplication\build\Release\DemoApplication.exe
